Command:  /mnt/array1/bowen/anaconda3/envs/AcaFinder/bin/VIBRANT_run.py -i ../Performance_Test/Genomes_of_AcaPublished/GCF_000381965.1_ASM38196v1/GCF_000381965.1_ASM38196v1_genomic.fna -folder ../Example_output_Aca2/ -t 2 -no_plot
Date:     2022-05-12
Start:    11:28:01
End:      11:42:28
Runtime:  14.5 minutes
Program:  VIBRANT v1.2.0


27 scaffolds were read in.
24 scaffolds met minimum requirements: at least 1000bp and 4 ORFs.
2 putative phages were identified.


CAUTION: running a version of Scikit-Learn higher than v0.21.3 may cause issues. With pip you can update by running "pip install --upgrade scikit-learn==0.21.3".
                                                               ##
                                                             ##  ##
                                                           ##      ##
######   ##  ##     ##     #######   ######    #####       ##      ##
##  ##   ##  ##   ##  ##   ##        ##       ##             ##  ##
######   ######   ######   ##  ###   ######    ###             ##
##       ##  ##   ##  ##   ##   ##   ##           ##           ##
##       ##  ##   ##  ##   #######   ######   #####            ##
                                                            #  ##  #
                                                           # # ## # #
                                                          #   #  #   #
                                                         #            #


