Command:  /mnt/array1/bowen/anaconda3/envs/AcaFinder/bin/VIBRANT_run.py -i ../Performance_Test/Genomes_of_AcaPublished/GCF_000904095.1_ViralProj188536/GCF_000904095.1_ViralProj188536_genomic.fna -folder ../Example_output_Aca1/ -t 2 -no_plot
Date:     2022-05-11
Start:    20:01:13
End:      20:02:35
Runtime:  1.4 minutes
Program:  VIBRANT v1.2.0


1 scaffolds were read in.
1 scaffolds met minimum requirements: at least 1000bp and 4 ORFs.
1 putative phages were identified.


CAUTION: running a version of Scikit-Learn higher than v0.21.3 may cause issues. With pip you can update by running "pip install --upgrade scikit-learn==0.21.3".
                                                               ##
                                                             ##  ##
                                                           ##      ##
######   ##  ##     ##     #######   ######    #####       ##      ##
##  ##   ##  ##   ##  ##   ##        ##       ##             ##  ##
######   ######   ######   ##  ###   ######    ###             ##
##       ##  ##   ##  ##   ##   ##   ##           ##           ##
##       ##  ##   ##  ##   #######   ######   #####            ##
                                                            #  ##  #
                                                           # # ## # #
                                                          #   #  #   #
                                                         #            #


