Command:  /mnt/array1/bowen/anaconda3/envs/AcaFinder/bin/VIBRANT_run.py -i ../GCF_000381965.1_ASM38196v1/GCF_000381965.1_ASM38196v1_genomic.fna -folder example_fna_input -t 5 -no_plot
Date:     2022-05-11
Start:    18:58:48
End:      19:09:03
Runtime:  10.2 minutes
Program:  VIBRANT v1.2.0


27 scaffolds were read in.
24 scaffolds met minimum requirements: at least 1000bp and 4 ORFs.
2 putative phages were identified.


CAUTION: running a version of Scikit-Learn higher than v0.21.3 may cause issues. With pip you can update by running "pip install --upgrade scikit-learn==0.21.3".
                                                               ##
                                                             ##  ##
                                                           ##      ##
######   ##  ##     ##     #######   ######    #####       ##      ##
##  ##   ##  ##   ##  ##   ##        ##       ##             ##  ##
######   ######   ######   ##  ###   ######    ###             ##
##       ##  ##   ##  ##   ##   ##   ##           ##           ##
##       ##  ##   ##  ##   #######   ######   #####            ##
                                                            #  ##  #
                                                           # # ## # #
                                                          #   #  #   #
                                                         #            #


