Command:  /mnt/array1/bowen/anaconda3/envs/AcaFinder/bin/VIBRANT_run.py -i ../Performance_Test/Genomes_of_AcaPublished/GCF_004135975.1_ASM413597v1/GCF_004135975.1_ASM413597v1_genomic.fna -folder ../Performance_Test/AcaFinder_OUT_test3/GCF_004135975.1_ASM413597v1 -t 2 -no_plot
Date:     2022-05-17
Start:    17:51:07
End:      18:25:39
Runtime:  34.5 minutes
Program:  VIBRANT v1.2.0


6 scaffolds were read in.
6 scaffolds met minimum requirements: at least 1000bp and 4 ORFs.
4 putative phages were identified.


CAUTION: running a version of Scikit-Learn higher than v0.21.3 may cause issues. With pip you can update by running "pip install --upgrade scikit-learn==0.21.3".
                                                               ##
                                                             ##  ##
                                                           ##      ##
######   ##  ##     ##     #######   ######    #####       ##      ##
##  ##   ##  ##   ##  ##   ##        ##       ##             ##  ##
######   ######   ######   ##  ###   ######    ###             ##
##       ##  ##   ##  ##   ##   ##   ##           ##           ##
##       ##  ##   ##  ##   #######   ######   #####            ##
                                                            #  ##  #
                                                           # # ## # #
                                                          #   #  #   #
                                                         #            #


